<?xml version="1.0" encoding="UTF-8"?>
<!-- Generated by org.testng.reporters.JUnitXMLReporter -->
<testsuite ignored="8" hostname="DESKTOP-UA1CCT0" failures="0" tests="4" name="Group Test" time="0.089" errors="0" timestamp="2022-04-14T15:44:49 IST">
  <testcase classname="TestCases.GroupTest" name="method1" time="0.009"/>
  <testcase classname="TestCases.GroupTest" name="method2" time="0.003"/>
  <testcase classname="TestCases.GroupTest" name="method3" time="0.002"/>
  <testcase classname="TestCases.HardAssertionTest" name="method44" time="0.006"/>
  <testcase classname="TestCases.GroupTest" name="method4" time="0.0">
    <ignored/>
  </testcase> <!-- method4 -->
  <testcase classname="TestCases.HardAssertionTest" name="method5" time="0.0">
    <ignored/>
  </testcase> <!-- method5 -->
  <testcase classname="TestCases.GroupTest" name="method6" time="0.0">
    <ignored/>
  </testcase> <!-- method6 -->
  <testcase classname="TestCases.HardAssertionTest" name="method11" time="0.0">
    <ignored/>
  </testcase> <!-- method11 -->
  <testcase classname="TestCases.HardAssertionTest" name="method3" time="0.0">
    <ignored/>
  </testcase> <!-- method3 -->
  <testcase classname="TestCases.GroupTest" name="method5" time="0.0">
    <ignored/>
  </testcase> <!-- method5 -->
  <testcase classname="TestCases.HardAssertionTest" name="method2" time="0.0">
    <ignored/>
  </testcase> <!-- method2 -->
  <testcase classname="TestCases.HardAssertionTest" name="method1" time="0.0">
    <ignored/>
  </testcase> <!-- method1 -->
</testsuite> <!-- Group Test -->
